# JRE version: OpenJDK Runtime Environment (16.0.1+9) (build 16.0.1+9-24)
# Java VM: OpenJDK 64-Bit Server VM (16.0.1+9-24, mixed mode, sharing, tiered, compressed oops, compressed class ptrs, g1 gc, bsd-amd64)
Heap:
 garbage-first heap   total 133120K, used 11884K [0x0000000780000000, 0x0000000800000000)
  region size 1024K, 9 young (9216K), 3 survivors (3072K)
 Metaspace       used 10877K, committed 11008K, reserved 1064960K
  class space    used 1364K, committed 1408K, reserved 1048576K
GC Heap History (12 events):
Event: 0.393 GC heap before
{Heap before GC invocations=0 (full 0):
 garbage-first heap   total 133120K, used 13256K [0x0000000780000000, 0x0000000800000000)
  region size 1024K, 13 young (13312K), 0 survivors (0K)
 Metaspace       used 2064K, committed 2176K, reserved 1056768K
  class space    used 217K, committed 256K, reserved 1048576K
}
Event: 0.397 GC heap after
{Heap after GC invocations=1 (full 0):
 garbage-first heap   total 133120K, used 2851K [0x0000000780000000, 0x0000000800000000)
  region size 1024K, 2 young (2048K), 2 survivors (2048K)
 Metaspace       used 2064K, committed 2176K, reserved 1056768K
  class space    used 217K, committed 256K, reserved 1048576K
}
Event: 0.477 GC heap before
{Heap before GC invocations=1 (full 0):
 garbage-first heap   total 133120K, used 21283K [0x0000000780000000, 0x0000000800000000)
  region size 1024K, 20 young (20480K), 2 survivors (2048K)
 Metaspace       used 2159K, committed 2304K, reserved 1056768K
  class space    used 217K, committed 256K, reserved 1048576K
}
Event: 0.480 GC heap after
{Heap after GC invocations=2 (full 0):
 garbage-first heap   total 133120K, used 2949K [0x0000000780000000, 0x0000000800000000)
  region size 1024K, 1 young (1024K), 1 survivors (1024K)
 Metaspace       used 2159K, committed 2304K, reserved 1056768K
  class space    used 217K, committed 256K, reserved 1048576K
}
Event: 0.791 GC heap before
{Heap before GC invocations=2 (full 0):
 garbage-first heap   total 133120K, used 79749K [0x0000000780000000, 0x0000000800000000)
  region size 1024K, 76 young (77824K), 1 survivors (1024K)
 Metaspace       used 3309K, committed 3456K, reserved 1056768K
  class space    used 338K, committed 384K, reserved 1048576K
}
Event: 0.794 GC heap after
{Heap after GC invocations=3 (full 0):
 garbage-first heap   total 133120K, used 3325K [0x0000000780000000, 0x0000000800000000)
  region size 1024K, 1 young (1024K), 1 survivors (1024K)
 Metaspace       used 3309K, committed 3456K, reserved 1056768K
  class space    used 338K, committed 384K, reserved 1048576K
}
Event: 1.044 GC heap before
{Heap before GC invocations=3 (full 0):
 garbage-first heap   total 133120K, used 80125K [0x0000000780000000, 0x0000000800000000)
  region size 1024K, 76 young (77824K), 1 survivors (1024K)
 Metaspace       used 3312K, committed 3456K, reserved 1056768K
  class space    used 338K, committed 384K, reserved 1048576K
}
Event: 1.045 GC heap after
{Heap after GC invocations=4 (full 0):
 garbage-first heap   total 133120K, used 3607K [0x0000000780000000, 0x0000000800000000)
  region size 1024K, 1 young (1024K), 1 survivors (1024K)
 Metaspace       used 3312K, committed 3456K, reserved 1056768K
  class space    used 338K, committed 384K, reserved 1048576K
}
Event: 1.310 GC heap before
{Heap before GC invocations=4 (full 0):
 garbage-first heap   total 133120K, used 80407K [0x0000000780000000, 0x0000000800000000)
  region size 1024K, 76 young (77824K), 1 survivors (1024K)
 Metaspace       used 3312K, committed 3456K, reserved 1056768K
  class space    used 338K, committed 384K, reserved 1048576K
}
Event: 1.312 GC heap after
{Heap after GC invocations=5 (full 0):
 garbage-first heap   total 133120K, used 4052K [0x0000000780000000, 0x0000000800000000)
  region size 1024K, 2 young (2048K), 2 survivors (2048K)
 Metaspace       used 3312K, committed 3456K, reserved 1056768K
  class space    used 338K, committed 384K, reserved 1048576K
}
Event: 2.580 GC heap before
{Heap before GC invocations=5 (full 0):
 garbage-first heap   total 133120K, used 80852K [0x0000000780000000, 0x0000000800000000)
  region size 1024K, 76 young (77824K), 2 survivors (2048K)
 Metaspace       used 8970K, committed 9216K, reserved 1064960K
  class space    used 1150K, committed 1280K, reserved 1048576K
}
Event: 2.611 GC heap after
{Heap after GC invocations=6 (full 0):
 garbage-first heap   total 133120K, used 5740K [0x0000000780000000, 0x0000000800000000)
  region size 1024K, 3 young (3072K), 3 survivors (3072K)
 Metaspace       used 8970K, committed 9216K, reserved 1064960K
  class space    used 1150K, committed 1280K, reserved 1048576K
}

